# Test started at 2022-09-27T16:10:24+10:00

yarn exec v1.22.19
warning package.json: No license field
PASS tests/get-file-from-directory__1.0.0.test.js (9.482 s)
FAIL tests/get-file-from-directory__1.0.0.test.ts
  ‚óè Test suite failed to run

    [96mtests/get-file-from-directory__1.0.0.test.ts[0m:[93m19[0m:[93m9[0m - [91merror[0m[90m TS2322: [0mType '{ class_: File_class.FILE; basename: string; location: string; }' is not assignable to type 'File | Directory'.
      Type '{ class_: File_class.FILE; basename: string; location: string; }' is missing the following properties from type 'File': save, loadingOptions

    [7m 19[0m         {
    [7m   [0m [91m        ~[0m
    [7m 20[0m             class_: File_class.FILE,
    [7m   [0m [91m~~~~~~~~~~~~~~~~~~~~~~~~~~~~~~~~~~~~[0m
    [7m...[0m 
    [7m 22[0m             location: `${INPUT_OUTPUT_DIRECTORY_LOCATION}/index.html`
    [7m   [0m [91m~~~~~~~~~~~~~~~~~~~~~~~~~~~~~~~~~~~~~~~~~~~~~~~~~~~~~~~~~~~~~~~~~~~~~[0m
    [7m 23[0m         },
    [7m   [0m [91m~~~~~~~~~[0m
    [96mtests/get-file-from-directory__1.0.0.test.ts[0m:[93m24[0m:[93m9[0m - [91merror[0m[90m TS2322: [0mType '{ class_: File_class.FILE; basename: string; location: string; }' is not assignable to type 'File | Directory'.
      Type '{ class_: File_class.FILE; basename: string; location: string; }' is missing the following properties from type 'File': save, loadingOptions

    [7m 24[0m         {
    [7m   [0m [91m        ~[0m
    [7m 25[0m             class_: File_class.FILE,
    [7m   [0m [91m~~~~~~~~~~~~~~~~~~~~~~~~~~~~~~~~~~~~[0m
    [7m...[0m 
    [7m 27[0m             location: `${INPUT_OUTPUT_DIRECTORY_LOCATION}/${INPUT_FILE_BASENAME}`
    [7m   [0m [91m~~~~~~~~~~~~~~~~~~~~~~~~~~~~~~~~~~~~~~~~~~~~~~~~~~~~~~~~~~~~~~~~~~~~~~~~~~~~~~~~~[0m
    [7m 28[0m         },
    [7m   [0m [91m~~~~~~~~~[0m
    [96mtests/get-file-from-directory__1.0.0.test.ts[0m:[93m29[0m:[93m9[0m - [91merror[0m[90m TS2322: [0mType '{ class_: File_class.FILE; basename: string; location: string; }' is not assignable to type 'File | Directory'.
      Type '{ class_: File_class.FILE; basename: string; location: string; }' is missing the following properties from type 'File': save, loadingOptions

    [7m 29[0m         {
    [7m   [0m [91m        ~[0m
    [7m 30[0m             class_: File_class.FILE,
    [7m   [0m [91m~~~~~~~~~~~~~~~~~~~~~~~~~~~~~~~~~~~~[0m
    [7m...[0m 
    [7m 32[0m             location: `${INPUT_OUTPUT_DIRECTORY_LOCATION}/${INPUT_FILE_BASENAME}.bai`
    [7m   [0m [91m~~~~~~~~~~~~~~~~~~~~~~~~~~~~~~~~~~~~~~~~~~~~~~~~~~~~~~~~~~~~~~~~~~~~~~~~~~~~~~~~~~~~~[0m
    [7m 33[0m         },
    [7m   [0m [91m~~~~~~~~~[0m
    [96mtests/get-file-from-directory__1.0.0.test.ts[0m:[93m34[0m:[93m9[0m - [91merror[0m[90m TS2322: [0mType '{ class_: File_class.FILE; basename: string; location: string; }' is not assignable to type 'File | Directory'.
      Type '{ class_: File_class.FILE; basename: string; location: string; }' is missing the following properties from type 'File': save, loadingOptions

    [7m 34[0m         {
    [7m   [0m [91m        ~[0m
    [7m 35[0m             class_: File_class.FILE,
    [7m   [0m [91m~~~~~~~~~~~~~~~~~~~~~~~~~~~~~~~~~~~~[0m
    [7m...[0m 
    [7m 37[0m             location: `${INPUT_OUTPUT_DIRECTORY_LOCATION}/logs.txt`
    [7m   [0m [91m~~~~~~~~~~~~~~~~~~~~~~~~~~~~~~~~~~~~~~~~~~~~~~~~~~~~~~~~~~~~~~~~~~~[0m
    [7m 38[0m         },
    [7m   [0m [91m~~~~~~~~~[0m
    [96mtests/get-file-from-directory__1.0.0.test.ts[0m:[93m49[0m:[93m9[0m - [91merror[0m[90m TS2322: [0mType '{ class_: File_class.FILE; basename: string; location: string; }' is not assignable to type 'File | Directory'.
      Type '{ class_: File_class.FILE; basename: string; location: string; }' is missing the following properties from type 'File': save, loadingOptions

    [7m 49[0m         {
    [7m   [0m [91m        ~[0m
    [7m 50[0m             class_: File_class.FILE,
    [7m   [0m [91m~~~~~~~~~~~~~~~~~~~~~~~~~~~~~~~~~~~~[0m
    [7m...[0m 
    [7m 52[0m             location: `${INPUT_OUTPUT_DIRECTORY_LOCATION}/index.html`
    [7m   [0m [91m~~~~~~~~~~~~~~~~~~~~~~~~~~~~~~~~~~~~~~~~~~~~~~~~~~~~~~~~~~~~~~~~~~~~~[0m
    [7m 53[0m         },
    [7m   [0m [91m~~~~~~~~~[0m
    [96mtests/get-file-from-directory__1.0.0.test.ts[0m:[93m59[0m:[93m17[0m - [91merror[0m[90m TS2322: [0mType '{ class_: File_class.FILE; basename: string; location: string; }' is not assignable to type 'File | Directory'.
      Type '{ class_: File_class.FILE; basename: string; location: string; }' is missing the following properties from type 'File': save, loadingOptions

    [7m 59[0m                 {
    [7m   [0m [91m                ~[0m
    [7m 60[0m                     class_: File_class.FILE,
    [7m   [0m [91m~~~~~~~~~~~~~~~~~~~~~~~~~~~~~~~~~~~~~~~~~~~~[0m
    [7m...[0m 
    [7m 62[0m                     location: `${INPUT_OUTPUT_DIRECTORY_LOCATION}/${INPUT_NESTED_DIRECTORY_NAME}/${INPUT_FILE_BASENAME}`
    [7m   [0m [91m~~~~~~~~~~~~~~~~~~~~~~~~~~~~~~~~~~~~~~~~~~~~~~~~~~~~~~~~~~~~~~~~~~~~~~~~~~~~~~~~~~~~~~~~~~~~~~~~~~~~~~~~~~~~~~~~~~~~~~~~[0m
    [7m 63[0m                 },
    [7m   [0m [91m~~~~~~~~~~~~~~~~~[0m
    [96mtests/get-file-from-directory__1.0.0.test.ts[0m:[93m64[0m:[93m17[0m - [91merror[0m[90m TS2322: [0mType '{ class_: File_class.FILE; basename: string; location: string; }' is not assignable to type 'File | Directory'.
      Type '{ class_: File_class.FILE; basename: string; location: string; }' is missing the following properties from type 'File': save, loadingOptions

    [7m 64[0m                 {
    [7m   [0m [91m                ~[0m
    [7m 65[0m                     class_: File_class.FILE,
    [7m   [0m [91m~~~~~~~~~~~~~~~~~~~~~~~~~~~~~~~~~~~~~~~~~~~~[0m
    [7m...[0m 
    [7m 67[0m                     location: `${INPUT_OUTPUT_DIRECTORY_LOCATION}/${INPUT_NESTED_DIRECTORY_NAME}/${INPUT_FILE_BASENAME}.bai`
    [7m   [0m [91m~~~~~~~~~~~~~~~~~~~~~~~~~~~~~~~~~~~~~~~~~~~~~~~~~~~~~~~~~~~~~~~~~~~~~~~~~~~~~~~~~~~~~~~~~~~~~~~~~~~~~~~~~~~~~~~~~~~~~~~~~~~~[0m
    [7m 68[0m                 },
    [7m   [0m [91m~~~~~~~~~~~~~~~~~[0m
    [96mtests/get-file-from-directory__1.0.0.test.ts[0m:[93m69[0m:[93m17[0m - [91merror[0m[90m TS2322: [0mType '{ class_: File_class.FILE; basename: string; location: string; }' is not assignable to type 'File | Directory'.
      Type '{ class_: File_class.FILE; basename: string; location: string; }' is missing the following properties from type 'File': save, loadingOptions

    [7m 69[0m                 {
    [7m   [0m [91m                ~[0m
    [7m 70[0m                     class_: File_class.FILE,
    [7m   [0m [91m~~~~~~~~~~~~~~~~~~~~~~~~~~~~~~~~~~~~~~~~~~~~[0m
    [7m...[0m 
    [7m 72[0m                     location: `${INPUT_OUTPUT_DIRECTORY_LOCATION}/${INPUT_NESTED_DIRECTORY_NAME}/logs.txt`
    [7m   [0m [91m~~~~~~~~~~~~~~~~~~~~~~~~~~~~~~~~~~~~~~~~~~~~~~~~~~~~~~~~~~~~~~~~~~~~~~~~~~~~~~~~~~~~~~~~~~~~~~~~~~~~~~~~~~[0m
    [7m 73[0m                 }
    [7m   [0m [91m~~~~~~~~~~~~~~~~~[0m


=============================== Coverage summary ===============================
Statements   : 86.66% ( 26/30 )
Branches     : 80.76% ( 21/26 )
Functions    : 100% ( 1/1 )
Lines        : 85.18% ( 23/27 )
================================================================================
Test Suites: 1 failed, 1 passed, 2 total
Tests:       2 passed, 2 total
Snapshots:   0 total
Time:        15.728 s
Ran all test suites.
error Command failed.
Exit code: 1
Command: jest
Arguments: 
Directory: /e/Users/awluc/OneDrive/GitHub/UMCCR/cwl-ica/typescript-expressions/get-file-from-directory/1.0.0
Output:

info Visit https://yarnpkg.com/en/docs/cli/exec for documentation about this command.
# Test completed at 2022-09-27T16:10:53+10:00

